# SOFTSUSY3.1.6
# B.C. Allanach, Comput. Phys. Commun. 143 (2002) 305-331, hep-ph/0104145
Block SPINFO         # Program information
     1   SOFTSUSY    # spectrum calculator
     2   3.1.6         # version number
Block MODSEL  # Select model
     1    1   # sugra
Block SMINPUTS   # Standard Model inputs
     1    1.279340000000000e+02   # alpha_em^(-1)(MZ) SM MSbar
     2    1.166370000000000e-05   # G_Fermi
     3    1.172000000000000e-01   # alpha_s(MZ)MSbar
     4    9.118760000000000e+01   # MZ(pole)
     5    4.250000000000000e+00   # mb(mb)
     6    1.743000000000000e+02   # Mtop(pole)
     7    1.777000000000000e+00   # Mtau(pole)
Block MINPAR  # SUSY breaking input parameters
     3    3.000000000000000e+01   # tanb
     4    1.000000000000000e+00   # sign(mu)
     1    2.000000000000000e+02   # m0
     2    4.000000000000000e+02   # m12
     5    0.000000000000000e+00   # A0
# Low energy data in SOFTSUSY: MIXING=0 TOLERANCE=1.000000000000000e-03
# mgut=2.059216873089072e+16 GeV
Block MASS   # Mass spectrum
# PDG code     mass                     particle
        24     8.040314702289189e+01   # MW
        25     1.147004634816949e+02   # h0
        35     5.245576092061292e+02   # H0
        36     5.246179416756870e+02   # A0
        37     5.310889746174241e+02   # H+
   1000021     9.372786831657984e+02   # ~g
   1000022     1.622198200880180e+02   # ~neutralino(1)
   1000023     3.062323817528602e+02   # ~neutralino(2)
   1000024     3.062586396779280e+02   # ~chargino(1)
   1000025    -5.175738720210426e+02   # ~neutralino(3)
   1000035     5.306483610211648e+02   # ~neutralino(4)
   1000037     5.309967357481439e+02   # ~chargino(2)
   1000001     8.780893888548532e+02   # ~d_L
   1000002     8.745820208155531e+02   # ~u_L
   1000003     8.780785574169580e+02   # ~s_L
   1000004     8.745711378860916e+02   # ~c_L
   1000005     7.714891083964582e+02   # ~b_1
   1000006     6.591195782466467e+02   # ~t_1
   1000011     3.387984686359104e+02   # ~e_L
   1000012     3.291187090795233e+02   # ~nue_L
   1000013     3.388575640553589e+02   # ~mu_L
   1000014     3.290882659442984e+02   # ~numu_L
   1000015     1.972770952057495e+02   # ~stau_1
   1000016     3.182084085127764e+02   # ~nu_tau_L
   2000001     8.433648534372214e+02   # ~d_R
   2000002     8.454645035275279e+02   # ~u_R
   2000003     8.433443127699504e+02   # ~s_R
   2000004     8.454621492932391e+02   # ~c_R
   2000005     8.221004826918926e+02   # ~b_2
   2000006     8.360269647532780e+02   # ~t_2
   2000011     2.538057902724074e+02   # ~e_R
   2000013     2.537254603271618e+02   # ~mu_R
   2000015     3.454189617289883e+02   # ~stau_2
# Higgs mixing
Block alpha   # Effective Higgs mixing parameter
          -3.579659703918999e-02   # alpha
Block nmix  # neutralino mixing matrix
  1  1     9.941495514403722e-01   # N_{1,1}
  1  2    -1.966569869070883e-02   # N_{1,2}
  1  3     1.002363047991408e-01   # N_{1,3}
  1  4    -3.510858678624002e-02   # N_{1,4}
  2  1     4.694063356388301e-02   # N_{2,1}
  2  2     9.624736847280101e-01   # N_{2,2}
  2  3    -2.277017260653775e-01   # N_{2,3}
  2  4     1.399746658276274e-01   # N_{2,4}
  3  1    -4.437905986934852e-02   # N_{3,1}
  3  2     6.497036833235395e-02   # N_{3,2}
  3  3     7.011237143026180e-01   # N_{3,3}
  3  4     7.086853233462449e-01   # N_{3,4}
  4  1    -8.656642153075858e-02   # N_{4,1}
  4  2     2.627480118666009e-01   # N_{4,2}
  4  3     6.682291107019827e-01   # N_{4,3}
  4  4    -6.906081323977770e-01   # N_{4,4}
Block Umix  # chargino U mixing matrix 
  1  1     9.465821858606699e-01   # U_{1,1}
  1  2    -3.224626573903345e-01   # U_{1,2}
  2  1     3.224626573903345e-01   # U_{2,1}
  2  2     9.465821858606699e-01   # U_{2,2}
Block Vmix  # chargino V mixing matrix 
  1  1     9.795611673444622e-01   # V_{1,1}
  1  2    -2.011465123504622e-01   # V_{1,2}
  2  1     2.011465123504622e-01   # V_{2,1}
  2  2     9.795611673444622e-01   # V_{2,2}
Block stopmix  # stop mixing matrix
  1  1     4.839594520114252e-01   # F_{11}
  1  2     8.750904232185386e-01   # F_{12}
  2  1     8.750904232185386e-01   # F_{21}
  2  2    -4.839594520114252e-01   # F_{22}
Block sbotmix  # sbottom mixing matrix
  1  1     8.433636026886920e-01   # F_{11}
  1  2     5.373433107985528e-01   # F_{12}
  2  1    -5.373433107985528e-01   # F_{21}
  2  2     8.433636026886920e-01   # F_{22}
Block staumix  # stau mixing matrix
  1  1     3.797762945818052e-01   # F_{11}
  1  2     9.250783567210477e-01   # F_{12}
  2  1     9.250783567210477e-01   # F_{21}
  2  2    -3.797762945818052e-01   # F_{22}
Block gauge Q= 7.190608200127359e+02  
     1     3.618865816461930e-01   # g'(Q)MSSM DRbar
     2     6.439191999110802e-01   # g(Q)MSSM DRbar
     3     1.071573176730289e+00   # g3(Q)MSSM DRbar
Block yu Q= 7.190608200127359e+02  
  3  3     8.704414587970956e-01   # Yt(Q)MSSM DRbar
Block yd Q= 7.190608200127359e+02  
  3  3     3.860858825635050e-01   # Yb(Q)MSSM DRbar
Block ye Q= 7.190608200127359e+02  
  3  3     3.139577523091118e-01   # Ytau(Q)MSSM DRbar
Block hmix Q= 7.190608200127359e+02  # Higgs mixing parameters
     1     5.115764143690800e+02   # mu(Q)MSSM DRbar
     2     2.929114388860248e+01   # tan beta(Q)MSSM DRbar
     3     2.442299874467513e+02   # higgs vev(Q)MSSM DRbar
     4     3.272788117736577e+05   # mA^2(Q)MSSM DRbar
Block msoft Q= 7.190608200127359e+02 # MSSM DRbar SUSY breaking parameters
     1     1.660122762926099e+02   # M_1(Q)
     2     3.098815294384571e+02   # M_2(Q)
     3     9.056340777813144e+02   # M_3(Q)
    21     1.761691319825882e+04   # mH1^2(Q)
    22    -2.583170740491936e+05   # mH2^2(Q)
    31     3.326667527358367e+02   # meL(Q)
    32     3.326365036193251e+02   # mmuL(Q)
    33     3.228025505790133e+02   # mtauL(Q)
    34     2.479782993492011e+02   # meR(Q)
    35     2.478960499866809e+02   # mmuR(Q)
    36     2.199296828632219e+02   # mtauR(Q)
    41     8.469357730359781e+02   # mqL1(Q)
    42     8.469246917442500e+02   # mqL2(Q)
    43     7.618907247447926e+02   # mqL3(Q)
    44     8.176567080223168e+02   # muR(Q)
    45     8.176543139512985e+02   # mcR(Q)
    46     6.660724261711957e+02   # mtR(Q)
    47     8.141620427803595e+02   # mdR(Q)
    48     8.141411134434125e+02   # msR(Q)
    49     7.804372644762032e+02   # mbR(Q)
Block au Q= 7.190608200127359e+02  
  1  1    -9.332211143332761e+02   # Au(Q)MSSM DRbar
  2  2    -9.332093510406182e+02   # Ac(Q)MSSM DRbar
  3  3    -7.039366665034210e+02   # At(Q)MSSM DRbar
Block ad Q= 7.190608200127359e+02  
  1  1    -1.102366338335666e+03   # Ad(Q)MSSM DRbar
  2  2    -1.102339542788611e+03   # As(Q)MSSM DRbar
  3  3    -9.884317983014026e+02   # Ab(Q)MSSM DRbar
Block ae Q= 7.190608200127359e+02  
  1  1    -1.982057346511397e+02   # Ae(Q)MSSM DRbar
  2  2    -1.981677948425561e+02   # Amu(Q)MSSM DRbar
  3  3    -1.859055117191002e+02   # Atau(Q)MSSM DRbar
