# SOFTSUSY3.1.6
# B.C. Allanach, Comput. Phys. Commun. 143 (2002) 305-331, hep-ph/0104145
Block SPINFO         # Program information
     1   SOFTSUSY    # spectrum calculator
     2   3.1.6         # version number
Block MODSEL  # Select model
     1    1   # sugra
Block SMINPUTS   # Standard Model inputs
     1    1.279340000000000e+02   # alpha_em^(-1)(MZ) SM MSbar
     2    1.166370000000000e-05   # G_Fermi
     3    1.172000000000000e-01   # alpha_s(MZ)MSbar
     4    9.118760000000000e+01   # MZ(pole)
     5    4.250000000000000e+00   # mb(mb)
     6    1.743000000000000e+02   # Mtop(pole)
     7    1.777000000000000e+00   # Mtau(pole)
Block MINPAR  # SUSY breaking input parameters
     3    1.000000000000000e+01   # tanb
     4    1.000000000000000e+00   # sign(mu)
     1    1.450000000000000e+02   # m0
     2    3.000000000000000e+02   # m12
     5    0.000000000000000e+00   # A0
# Low energy data in SOFTSUSY: MIXING=0 TOLERANCE=1.000000000000000e-03
# mgut=2.319779434872290e+16 GeV
Block MASS   # Mass spectrum
# PDG code     mass                     particle
        24     8.041100447166288e+01   # MW
        25     1.115700346219062e+02   # h0
        35     4.655537105146670e+02   # H0
        36     4.651517351523796e+02   # A0
        37     4.723707814361472e+02   # H+
   1000021     7.205384841301219e+02   # ~g
   1000022     1.182609551767341e+02   # ~neutralino(1)
   1000023     2.207738902857343e+02   # ~neutralino(2)
   1000024     2.205929874738819e+02   # ~chargino(1)
   1000025    -4.086954254204004e+02   # ~neutralino(3)
   1000035     4.262553524991409e+02   # ~neutralino(4)
   1000037     4.260283306619448e+02   # ~chargino(2)
   1000001     6.746087758483711e+02   # ~d_L
   1000002     6.700656261864598e+02   # ~u_L
   1000003     6.746070586654613e+02   # ~s_L
   1000004     6.700638952603472e+02   # ~c_L
   1000005     6.128561514698860e+02   # ~b_1
   1000006     4.951139393240353e+02   # ~t_1
   1000011     2.536955648552185e+02   # ~e_L
   1000012     2.409309302997247e+02   # ~nue_L
   1000013     2.537252929921655e+02   # ~mu_L
   1000014     2.409281731984410e+02   # ~numu_L
   1000015     1.816469711229799e+02   # ~stau_1
   1000016     2.400328163269364e+02   # ~nu_tau_L
   2000001     6.482931823968977e+02   # ~d_R
   2000002     6.491778142209442e+02   # ~u_R
   2000003     6.482913767406179e+02   # ~s_R
   2000004     6.491759931115344e+02   # ~c_R
   2000005     6.473900940478974e+02   # ~b_2
   2000006     6.739336930295899e+02   # ~t_2
   2000011     1.887060169100414e+02   # ~e_R
   2000013     1.886988543601660e+02   # ~mu_R
   2000015     2.562904544151559e+02   # ~stau_2
# Higgs mixing
Block alpha   # Effective Higgs mixing parameter
          -1.112230273368025e-01   # alpha
Block nmix  # neutralino mixing matrix
  1  1     9.890088494714416e-01   # N_{1,1}
  1  2    -4.331956799419266e-02   # N_{1,2}
  1  3     1.318556802931505e-01   # N_{1,3}
  1  4    -5.098029296112728e-02   # N_{1,4}
  2  1     8.508472199459929e-02   # N_{2,1}
  2  2     9.468820734773258e-01   # N_{2,2}
  2  3    -2.645206049038747e-01   # N_{2,3}
  2  4     1.618758122502251e-01   # N_{2,4}
  3  1    -5.299374390179695e-02   # N_{3,1}
  3  2     7.829418774471690e-02   # N_{3,2}
  3  3     6.977526754879009e-01   # N_{3,3}
  3  4     7.100724520231312e-01   # N_{3,4}
  4  1    -1.086910707351245e-01   # N_{4,1}
  4  2     3.088814887970332e-01   # N_{4,2}
  4  3     6.525213659376947e-01   # N_{4,3}
  4  4    -6.833698442394024e-01   # N_{4,4}
Block Umix  # chargino U mixing matrix 
  1  1     9.248854796957406e-01   # U_{1,1}
  1  2    -3.802457750560547e-01   # U_{1,2}
  2  1     3.802457750560547e-01   # U_{2,1}
  2  2     9.248854796957406e-01   # U_{2,2}
Block Vmix  # chargino V mixing matrix 
  1  1     9.717469157747655e-01   # V_{1,1}
  1  2    -2.360252776340509e-01   # V_{1,2}
  2  1     2.360252776340509e-01   # V_{2,1}
  2  2     9.717469157747655e-01   # V_{2,2}
Block stopmix  # stop mixing matrix
  1  1     5.188824712876949e-01   # F_{11}
  1  2     8.548455889752105e-01   # F_{12}
  2  1     8.548455889752105e-01   # F_{21}
  2  2    -5.188824712876949e-01   # F_{22}
Block sbotmix  # sbottom mixing matrix
  1  1     9.606041122395995e-01   # F_{11}
  1  2     2.779203834704662e-01   # F_{12}
  2  1    -2.779203834704662e-01   # F_{21}
  2  2     9.606041122395995e-01   # F_{22}
Block staumix  # stau mixing matrix
  1  1     2.314352947798216e-01   # F_{11}
  1  2     9.728502990338118e-01   # F_{12}
  2  1     9.728502990338118e-01   # F_{21}
  2  2    -2.314352947798216e-01   # F_{22}
Block gauge Q= 5.579963127151260e+02  
     1     3.613603059936195e-01   # g'(Q)MSSM DRbar
     2     6.455581982081426e-01   # g(Q)MSSM DRbar
     3     1.086109231218919e+00   # g3(Q)MSSM DRbar
Block yu Q= 5.579963127151260e+02  
  3  3     8.837236967269814e-01   # Yt(Q)MSSM DRbar
Block yd Q= 5.579963127151260e+02  
  3  3     1.386576259855030e-01   # Yb(Q)MSSM DRbar
Block ye Q= 5.579963127151260e+02  
  3  3     1.007844744874114e-01   # Ytau(Q)MSSM DRbar
Block hmix Q= 5.579963127151260e+02  # Higgs mixing parameters
     1     4.018718967289030e+02   # mu(Q)MSSM DRbar
     2     9.725619364810873e+00   # tan beta(Q)MSSM DRbar
     3     2.446374098699729e+02   # higgs vev(Q)MSSM DRbar
     4     2.251242985802105e+05   # mA^2(Q)MSSM DRbar
Block msoft Q= 5.579963127151260e+02 # MSSM DRbar SUSY breaking parameters
     1     1.226724118777869e+02   # M_1(Q)
     2     2.306098130346781e+02   # M_2(Q)
     3     6.933365983181856e+02   # M_3(Q)
    21     5.406520828108397e+04   # mH1^2(Q)
    22    -1.599166884126801e+05   # mH2^2(Q)
    31     2.474963184167014e+02   # meL(Q)
    32     2.474936209342308e+02   # mmuL(Q)
    33     2.466847432500047e+02   # mtauL(Q)
    34     1.821177938450910e+02   # meR(Q)
    35     1.821103693782493e+02   # mmuR(Q)
    36     1.798735715262362e+02   # mtauR(Q)
    41     6.489861516979270e+02   # mqL1(Q)
    42     6.489843897707834e+02   # mqL2(Q)
    43     5.944603404975891e+02   # mqL3(Q)
    44     6.273302871189127e+02   # muR(Q)
    45     6.273284342483727e+02   # mcR(Q)
    46     5.089734602473740e+02   # mtR(Q)
    47     6.247820877389155e+02   # mdR(Q)
    48     6.247802450883726e+02   # msR(Q)
    49     6.213869413128355e+02   # mbR(Q)
Block au Q= 5.579963127151260e+02  
  1  1    -7.204097010101218e+02   # Au(Q)MSSM DRbar
  2  2    -7.204063896482946e+02   # Ac(Q)MSSM DRbar
  3  3    -5.486230490066661e+02   # At(Q)MSSM DRbar
Block ad Q= 5.579963127151260e+02  
  1  1    -8.897272783784655e+02   # Ad(Q)MSSM DRbar
  2  2    -8.897241898543293e+02   # As(Q)MSSM DRbar
  3  3    -8.294286571201515e+02   # Ab(Q)MSSM DRbar
Block ae Q= 5.579963127151260e+02  
  1  1    -1.838877059382359e+02   # Ae(Q)MSSM DRbar
  2  2    -1.838843003961367e+02   # Amu(Q)MSSM DRbar
  3  3    -1.828637546323932e+02   # Atau(Q)MSSM DRbar
