# SOFTSUSY3.1.6
# B.C. Allanach, Comput. Phys. Commun. 143 (2002) 305-331, hep-ph/0104145
Block SPINFO         # Program information
     1   SOFTSUSY    # spectrum calculator
     2   3.1.6         # version number
Block MODSEL  # Select model
     1    1   # sugra
Block SMINPUTS   # Standard Model inputs
     1    1.279340000000000e+02   # alpha_em^(-1)(MZ) SM MSbar
     2    1.166370000000000e-05   # G_Fermi
     3    1.172000000000000e-01   # alpha_s(MZ)MSbar
     4    9.118760000000000e+01   # MZ(pole)
     5    4.250000000000000e+00   # mb(mb)
     6    1.743000000000000e+02   # Mtop(pole)
     7    1.777000000000000e+00   # Mtau(pole)
Block MINPAR  # SUSY breaking input parameters
     3    1.000000000000000e+01   # tanb
     4    1.000000000000000e+00   # sign(mu)
     1    9.000000000000000e+01   # m0
     2    4.000000000000000e+02   # m12
     5    0.000000000000000e+00   # A0
# Low energy data in SOFTSUSY: MIXING=0 TOLERANCE=1.000000000000000e-03
# mgut=2.034808674227931e+16 GeV
Block MASS   # Mass spectrum
# PDG code     mass                     particle
        24     8.040395591528534e+01   # MW
        25     1.137962341115174e+02   # h0
        35     5.857640780025976e+02   # H0
        36     5.854176581429297e+02   # A0
        37     5.911965441705171e+02   # H+
   1000021     9.344217670402850e+02   # ~g
   1000022     1.609389278040267e+02   # ~neutralino(1)
   1000023     3.032923536370155e+02   # ~neutralino(2)
   1000024     3.033329404645743e+02   # ~chargino(1)
   1000025    -5.255621294930995e+02   # ~neutralino(3)
   1000035     5.406634137829408e+02   # ~neutralino(4)
   1000037     5.403364799041365e+02   # ~chargino(2)
   1000001     8.602499169056949e+02   # ~d_L
   1000002     8.567352631921883e+02   # ~u_L
   1000003     8.602478088353022e+02   # ~s_L
   1000004     8.567331449973415e+02   # ~c_L
   1000005     7.858548668872496e+02   # ~b_1
   1000006     6.470245285174917e+02   # ~t_1
   1000011     2.884433153422985e+02   # ~e_L
   1000012     2.772803521518859e+02   # ~nue_L
   1000013     2.885345070049501e+02   # ~mu_L
   1000014     2.772776645967121e+02   # ~numu_L
   1000015     1.730983293544575e+02   # ~stau_1
   1000016     2.763430721762675e+02   # ~nu_tau_L
   2000001     8.245879590074737e+02   # ~d_R
   2000002     8.267535656316205e+02   # ~u_R
   2000003     8.245857396469579e+02   # ~s_R
   2000004     8.267513254743413e+02   # ~c_R
   2000005     8.226923512297614e+02   # ~b_2
   2000006     8.390917125621739e+02   # ~t_2
   2000011     1.807602851939412e+02   # ~e_R
   2000013     1.807519031273679e+02   # ~mu_R
   2000015     2.905037670383168e+02   # ~stau_2
# Higgs mixing
Block alpha   # Effective Higgs mixing parameter
          -1.083944304856884e-01   # alpha
Block nmix  # neutralino mixing matrix
  1  1     9.937792161541973e-01   # N_{1,1}
  1  2    -2.575118364929089e-02   # N_{1,2}
  1  3     1.005475953908078e-01   # N_{1,3}
  1  4    -4.037235615784794e-02   # N_{1,4}
  2  1     5.346132939161713e-02   # N_{2,1}
  2  2     9.623879439349241e-01   # N_{2,2}
  2  3    -2.241149044145314e-01   # N_{2,3}
  2  4     1.439577759193839e-01   # N_{2,4}
  3  1    -4.064301604437894e-02   # N_{3,1}
  3  2     5.960377098153964e-02   # N_{3,2}
  3  3     7.016086446908895e-01   # N_{3,3}
  3  4     7.089011534950479e-01   # N_{3,4}
  4  1    -8.884200046400689e-02   # N_{4,1}
  4  2     2.638062023420786e-01   # N_{4,2}
  4  3     6.688856407304652e-01   # N_{4,3}
  4  4    -6.892788885378680e-01   # N_{4,4}
Block Umix  # chargino U mixing matrix 
  1  1     9.479782669481306e-01   # U_{1,1}
  1  2    -3.183350520976583e-01   # U_{1,2}
  2  1     3.183350520976583e-01   # U_{2,1}
  2  2     9.479782669481306e-01   # U_{2,2}
Block Vmix  # chargino V mixing matrix 
  1  1     9.783625414869114e-01   # V_{1,1}
  1  2    -2.068978912779724e-01   # V_{1,2}
  2  1     2.068978912779724e-01   # V_{2,1}
  2  2     9.783625414869114e-01   # V_{2,2}
Block stopmix  # stop mixing matrix
  1  1     4.738439701221255e-01   # F_{11}
  1  2     8.806088189309157e-01   # F_{12}
  2  1     8.806088189309157e-01   # F_{21}
  2  2    -4.738439701221255e-01   # F_{22}
Block sbotmix  # sbottom mixing matrix
  1  1     9.662432789431918e-01   # F_{11}
  1  2     2.576313759950621e-01   # F_{12}
  2  1    -2.576313759950621e-01   # F_{21}
  2  2     9.662432789431918e-01   # F_{22}
Block staumix  # stau mixing matrix
  1  1     1.777199619214345e-01   # F_{11}
  1  2     9.840811019091078e-01   # F_{12}
  2  1     9.840811019091078e-01   # F_{21}
  2  2    -1.777199619214345e-01   # F_{22}
Block gauge Q= 7.133204994974157e+02  
     1     3.619871594669768e-01   # g'(Q)MSSM DRbar
     2     6.441931387887657e-01   # g(Q)MSSM DRbar
     3     1.071981225479621e+00   # g3(Q)MSSM DRbar
Block yu Q= 7.133204994974157e+02  
  3  3     8.742777016562455e-01   # Yt(Q)MSSM DRbar
Block yd Q= 7.133204994974157e+02  
  3  3     1.367274896640989e-01   # Yb(Q)MSSM DRbar
Block ye Q= 7.133204994974157e+02  
  3  3     1.006360254375329e-01   # Ytau(Q)MSSM DRbar
Block hmix Q= 7.133204994974157e+02  # Higgs mixing parameters
     1     5.197695848294569e+02   # mu(Q)MSSM DRbar
     2     9.694527668786183e+00   # tan beta(Q)MSSM DRbar
     3     2.443065176949965e+02   # higgs vev(Q)MSSM DRbar
     4     3.561344289864000e+05   # mA^2(Q)MSSM DRbar
Block msoft Q= 7.133204994974157e+02 # MSSM DRbar SUSY breaking parameters
     1     1.657182480022190e+02   # M_1(Q)
     2     3.093634348544428e+02   # M_2(Q)
     3     9.053607215819612e+02   # M_3(Q)
    21     6.813025779455999e+04   # mH1^2(Q)
    22    -2.638576868426025e+05   # mH2^2(Q)
    31     2.812635022463189e+02   # meL(Q)
    32     2.812608516156792e+02   # mmuL(Q)
    33     2.804637710450835e+02   # mtauL(Q)
    34     1.724123302731392e+02   # meR(Q)
    35     1.724035314336982e+02   # mmuR(Q)
    36     1.697402319914730e+02   # mtauR(Q)
    41     8.290259384288461e+02   # mqL1(Q)
    42     8.290237849562507e+02   # mqL2(Q)
    43     7.632768938198658e+02   # mqL3(Q)
    44     7.989325390221353e+02   # muR(Q)
    45     7.989302641591789e+02   # mcR(Q)
    46     6.561092473446167e+02   # mtR(Q)
    47     7.953335295788672e+02   # mdR(Q)
    48     7.953312711780301e+02   # msR(Q)
    49     7.912038247989088e+02   # mbR(Q)
Block au Q= 7.133204994974157e+02  
  1  1    -9.317692760807587e+02   # Au(Q)MSSM DRbar
  2  2    -9.317650415991933e+02   # Ac(Q)MSSM DRbar
  3  3    -7.129146933864049e+02   # At(Q)MSSM DRbar
Block ad Q= 7.133204994974157e+02  
  1  1    -1.146792969254793e+03   # Ad(Q)MSSM DRbar
  2  2    -1.146789033091708e+03   # As(Q)MSSM DRbar
  3  3    -1.070005698173963e+03   # Ab(Q)MSSM DRbar
Block ae Q= 7.133204994974157e+02  
  1  1    -2.420222365313319e+02   # Ae(Q)MSSM DRbar
  2  2    -2.420178307669934e+02   # Amu(Q)MSSM DRbar
  3  3    -2.406928954957727e+02   # Atau(Q)MSSM DRbar
