# SOFTSUSY3.1.6
# B.C. Allanach, Comput. Phys. Commun. 143 (2002) 305-331, hep-ph/0104145
Block SPINFO         # Program information
     1   SOFTSUSY    # spectrum calculator
     2   3.1.6         # version number
Block MODSEL  # Select model
     1    1   # sugra
Block SMINPUTS   # Standard Model inputs
     1    1.279340000000000e+02   # alpha_em^(-1)(MZ) SM MSbar
     2    1.166370000000000e-05   # G_Fermi
     3    1.172000000000000e-01   # alpha_s(MZ)MSbar
     4    9.118760000000000e+01   # MZ(pole)
     5    4.250000000000000e+00   # mb(mb)
     6    1.743000000000000e+02   # Mtop(pole)
     7    1.777000000000000e+00   # Mtau(pole)
Block MINPAR  # SUSY breaking input parameters
     3    5.000000000000000e+01   # tanb
     4    1.000000000000000e+00   # sign(mu)
     1    4.000000000000000e+02   # m0
     2    3.000000000000000e+02   # m12
     5    0.000000000000000e+00   # A0
# Low energy data in SOFTSUSY: MIXING=0 TOLERANCE=1.000000000000000e-03
# mgut=2.362726205176998e+16 GeV
Block MASS   # Mass spectrum
# PDG code     mass                     particle
        24     8.040402912498794e+01   # MW
        25     1.125343925110071e+02   # h0
        35     3.285073023914540e+02   # H0
        36     3.289343039594868e+02   # A0
        37     3.398816813846761e+02   # H+
   1000021     7.345031472979977e+02   # ~g
   1000022     1.205504507297376e+02   # ~neutralino(1)
   1000023     2.256877443607631e+02   # ~neutralino(2)
   1000024     2.254938048048191e+02   # ~chargino(1)
   1000025    -3.982158796679966e+02   # ~neutralino(3)
   1000035     4.136424016034691e+02   # ~neutralino(4)
   1000037     4.143046407428974e+02   # ~chargino(2)
   1000001     7.659849733271623e+02   # ~d_L
   1000002     7.619910254793263e+02   # ~u_L
   1000003     7.659568325424763e+02   # ~s_L
   1000004     7.619627221454039e+02   # ~c_L
   1000005     6.114699778545375e+02   # ~b_1
   1000006     5.439774376631866e+02   # ~t_1
   1000011     4.492920737724688e+02   # ~e_L
   1000012     4.418270194566056e+02   # ~nue_L
   1000013     4.491732434993976e+02   # ~mu_L
   1000014     4.416762139608045e+02   # ~numu_L
   1000015     2.594051451988353e+02   # ~stau_1
   1000016     3.866491570668161e+02   # ~nu_tau_L
   2000001     7.440670227642192e+02   # ~d_R
   2000002     7.447380411507330e+02   # ~u_R
   2000003     7.440108497240054e+02   # ~s_R
   2000004     7.447356121194771e+02   # ~c_R
   2000005     6.802930038027506e+02   # ~b_2
   2000006     6.930687014255582e+02   # ~t_2
   2000011     4.173126187827485e+02   # ~e_R
   2000013     4.169905571437494e+02   # ~mu_R
   2000015     4.141273689787122e+02   # ~stau_2
# Higgs mixing
Block alpha   # Effective Higgs mixing parameter
          -2.205341631214262e-02   # alpha
Block nmix  # neutralino mixing matrix
  1  1     9.898336078714643e-01   # N_{1,1}
  1  2    -3.084765160217059e-02   # N_{1,2}
  1  3     1.318862389862029e-01   # N_{1,3}
  1  4    -4.340358377905561e-02   # N_{1,4}
  2  1     7.333273684148771e-02   # N_{2,1}
  2  2     9.445474906466307e-01   # N_{2,2}
  2  3    -2.762388705442079e-01   # N_{2,3}
  2  4     1.616924055759905e-01   # N_{2,4}
  3  1    -5.900946441117597e-02   # N_{3,1}
  3  2     8.686958491631933e-02   # N_{3,2}
  3  3     6.967274933266082e-01   # N_{3,3}
  3  4     7.096071859622012e-01   # N_{3,4}
  4  1    -1.066284274731813e-01   # N_{4,1}
  4  2     3.151700105026660e-01   # N_{4,2}
  4  3     6.487440993252699e-01   # N_{4,3}
  4  4    -6.844189773267469e-01   # N_{4,4}
Block Umix  # chargino U mixing matrix 
  1  1     9.192065402019037e-01   # U_{1,1}
  1  2    -3.937757438568887e-01   # U_{1,2}
  2  1     3.937757438568887e-01   # U_{2,1}
  2  2     9.192065402019037e-01   # U_{2,2}
Block Vmix  # chargino V mixing matrix 
  1  1     9.720495073834605e-01   # V_{1,1}
  1  2    -2.347759680963357e-01   # V_{1,2}
  2  1     2.347759680963357e-01   # V_{2,1}
  2  2     9.720495073834605e-01   # V_{2,2}
Block stopmix  # stop mixing matrix
  1  1     5.343790240362132e-01   # F_{11}
  1  2     8.452449696212953e-01   # F_{12}
  2  1     8.452449696212953e-01   # F_{21}
  2  2    -5.343790240362132e-01   # F_{22}
Block sbotmix  # sbottom mixing matrix
  1  1     7.779038883417786e-01   # F_{11}
  1  2     6.283832751615384e-01   # F_{12}
  2  1    -6.283832751615384e-01   # F_{21}
  2  2     7.779038883417786e-01   # F_{22}
Block staumix  # stau mixing matrix
  1  1     3.835031038531199e-01   # F_{11}
  1  2     9.235395873134097e-01   # F_{12}
  2  1     9.235395873134097e-01   # F_{21}
  2  2    -3.835031038531199e-01   # F_{22}
Block gauge Q= 5.949035957484870e+02  
     1     3.612259936052638e-01   # g'(Q)MSSM DRbar
     2     6.447475812543119e-01   # g(Q)MSSM DRbar
     3     1.083022866448716e+00   # g3(Q)MSSM DRbar
Block yu Q= 5.949035957484870e+02  
  3  3     8.786295948047785e-01   # Yt(Q)MSSM DRbar
Block yd Q= 5.949035957484870e+02  
  3  3     6.210235351660280e-01   # Yb(Q)MSSM DRbar
Block ye Q= 5.949035957484870e+02  
  3  3     5.402288546010864e-01   # Ytau(Q)MSSM DRbar
Block hmix Q= 5.949035957484870e+02  # Higgs mixing parameters
     1     3.914344133581946e+02   # mu(Q)MSSM DRbar
     2     4.946211032367873e+01   # tan beta(Q)MSSM DRbar
     3     2.444046996773434e+02   # higgs vev(Q)MSSM DRbar
     4     1.742672705864767e+05   # mA^2(Q)MSSM DRbar
Block msoft Q= 5.949035957484870e+02 # MSSM DRbar SUSY breaking parameters
     1     1.235182618508070e+02   # M_1(Q)
     2     2.320400918034526e+02   # M_2(Q)
     3     6.922428168957358e+02   # M_3(Q)
    21    -3.459765090680155e+04   # mH1^2(Q)
    22    -1.525248367902878e+05   # mH2^2(Q)
    31     4.458085718546259e+02   # meL(Q)
    32     4.456590084792842e+02   # mmuL(Q)
    33     3.928759280326334e+02   # mtauL(Q)
    34     4.142231692339195e+02   # meR(Q)
    35     4.138990506099998e+02   # mmuR(Q)
    36     2.860460823986298e+02   # mtauR(Q)
    41     7.418606170861858e+02   # mqL1(Q)
    42     7.418313331170064e+02   # mqL2(Q)
    43     6.193875778298485e+02   # mqL3(Q)
    44     7.237497962453890e+02   # muR(Q)
    45     7.237472791027501e+02   # mcR(Q)
    46     5.517206001121060e+02   # mtR(Q)
    47     7.216531857256963e+02   # mdR(Q)
    48     7.215948367243740e+02   # msR(Q)
    49     6.344788784151103e+02   # mbR(Q)
Block au Q= 5.949035957484870e+02  
  1  1    -7.180543871593698e+02   # Au(Q)MSSM DRbar
  2  2    -7.180330543567135e+02   # Ac(Q)MSSM DRbar
  3  3    -5.224224987725147e+02   # At(Q)MSSM DRbar
Block ad Q= 5.949035957484870e+02  
  1  1    -7.895795755868904e+02   # Ad(Q)MSSM DRbar
  2  2    -7.895218349542441e+02   # As(Q)MSSM DRbar
  3  3    -6.489433764962749e+02   # Ab(Q)MSSM DRbar
Block ae Q= 5.949035957484870e+02  
  1  1    -8.862050631193360e+01   # Ae(Q)MSSM DRbar
  2  2    -8.854709361473127e+01   # Amu(Q)MSSM DRbar
  3  3    -6.397683562364698e+01   # Atau(Q)MSSM DRbar
