# SOFTSUSY3.1.6
# B.C. Allanach, Comput. Phys. Commun. 143 (2002) 305-331, hep-ph/0104145
Block SPINFO         # Program information
     1   SOFTSUSY    # spectrum calculator
     2   3.1.6         # version number
Block MODSEL  # Select model
     1    1   # sugra
Block SMINPUTS   # Standard Model inputs
     1    1.279340000000000e+02   # alpha_em^(-1)(MZ) SM MSbar
     2    1.166370000000000e-05   # G_Fermi
     3    1.172000000000000e-01   # alpha_s(MZ)MSbar
     4    9.118760000000000e+01   # MZ(pole)
     5    4.250000000000000e+00   # mb(mb)
     6    1.743000000000000e+02   # Mtop(pole)
     7    1.777000000000000e+00   # Mtau(pole)
Block MINPAR  # SUSY breaking input parameters
     3    5.000000000000000e+00   # tanb
     4    1.000000000000000e+00   # sign(mu)
     1    1.500000000000000e+02   # m0
     2    3.000000000000000e+02   # m12
     5   -1.000000000000000e+03   # A0
# Low energy data in SOFTSUSY: MIXING=0 TOLERANCE=1.000000000000000e-03
# mgut=2.226155454656361e+16 GeV
Block MASS   # Mass spectrum
# PDG code     mass                     particle
        24     8.040922015733757e+01   # MW
        25     1.139566083611388e+02   # h0
        35     6.916073735008865e+02   # H0
        36     6.917382261645178e+02   # A0
        37     6.961326925991416e+02   # H+
   1000021     7.212537282984352e+02   # ~g
   1000022     1.200562289554848e+02   # ~neutralino(1)
   1000023     2.299087060480618e+02   # ~neutralino(2)
   1000024     2.298161802133604e+02   # ~chargino(1)
   1000025    -6.372523894428049e+02   # ~neutralino(3)
   1000035     6.458530418244835e+02   # ~neutralino(4)
   1000037     6.454704044198101e+02   # ~chargino(2)
   1000001     6.784943222147632e+02   # ~d_L
   1000002     6.743847865736269e+02   # ~u_L
   1000003     6.784908425722421e+02   # ~s_L
   1000004     6.743812820824918e+02   # ~c_L
   1000005     5.561893770247874e+02   # ~b_1
   1000006     2.574775687772349e+02   # ~t_1
   1000011     2.569287000405013e+02   # ~e_L
   1000012     2.454947233689843e+02   # ~nue_L
   1000013     2.569639119246842e+02   # ~mu_L
   1000014     2.454876908166180e+02   # ~numu_L
   1000015     1.817404393431439e+02   # ~stau_1
   1000016     2.433652163578678e+02   # ~nu_tau_L
   2000001     6.523761595128467e+02   # ~d_R
   2000002     6.534652392757233e+02   # ~u_R
   2000003     6.523744203521575e+02   # ~s_R
   2000004     6.534596480126736e+02   # ~c_R
   2000005     6.503862638515375e+02   # ~b_2
   2000006     6.478565297144328e+02   # ~t_2
   2000011     1.921216846986068e+02   # ~e_R
   2000013     1.921034936907180e+02   # ~mu_R
   2000015     2.583847035445754e+02   # ~stau_2
# Higgs mixing
Block alpha   # Effective Higgs mixing parameter
          -2.108746875532937e-01   # alpha
Block nmix  # neutralino mixing matrix
  1  1     9.958925315629972e-01   # N_{1,1}
  1  2    -3.225000982660069e-02   # N_{1,2}
  1  3     7.889168662487560e-02   # N_{1,3}
  1  4    -3.056311870067019e-02   # N_{1,4}
  2  1     4.576214100710101e-02   # N_{2,1}
  2  2     9.853605318576281e-01   # N_{2,2}
  2  3    -1.450173229072859e-01   # N_{2,3}
  2  4     7.707415107870001e-02   # N_{2,4}
  3  1    -3.229626224379934e-02   # N_{3,1}
  3  2     4.943923105354887e-02   # N_{3,2}
  3  3     7.026179553512216e-01   # N_{3,3}
  3  4     7.091126304727494e-01   # N_{3,4}
  4  1    -7.113960551317822e-02   # N_{4,1}
  4  2     1.599384930411377e-01   # N_{4,2}
  4  3     6.921517800716509e-01   # N_{4,3}
  4  4    -7.002033621133252e-01   # N_{4,4}
Block Umix  # chargino U mixing matrix 
  1  1     9.780734976576764e-01   # U_{1,1}
  1  2    -2.082600133959454e-01   # U_{1,2}
  2  1     2.082600133959454e-01   # U_{2,1}
  2  2     9.780734976576764e-01   # U_{2,2}
Block Vmix  # chargino V mixing matrix 
  1  1     9.936697658152075e-01   # V_{1,1}
  1  2    -1.123405381184844e-01   # V_{1,2}
  2  1     1.123405381184844e-01   # V_{2,1}
  2  2     9.936697658152075e-01   # V_{2,2}
Block stopmix  # stop mixing matrix
  1  1     5.050895372741318e-01   # F_{11}
  1  2     8.630669495098300e-01   # F_{12}
  2  1     8.630669495098300e-01   # F_{21}
  2  2    -5.050895372741318e-01   # F_{22}
Block sbotmix  # sbottom mixing matrix
  1  1     9.946711417265203e-01   # F_{11}
  1  2     1.030985926987395e-01   # F_{12}
  2  1    -1.030985926987395e-01   # F_{21}
  2  2     9.946711417265203e-01   # F_{22}
Block staumix  # stau mixing matrix
  1  1     2.306527061640359e-01   # F_{11}
  1  2     9.730361396881448e-01   # F_{12}
  2  1     9.730361396881448e-01   # F_{21}
  2  2    -2.306527061640359e-01   # F_{22}
Block gauge Q= 4.021561621368691e+02  
     1     3.602147020090827e-01   # g'(Q)MSSM DRbar
     2     6.443166097713896e-01   # g(Q)MSSM DRbar
     3     1.094566550909701e+00   # g3(Q)MSSM DRbar
Block yu Q= 4.021561621368691e+02  
  3  3     8.969709749426694e-01   # Yt(Q)MSSM DRbar
Block yd Q= 4.021561621368691e+02  
  3  3     7.119292377250315e-02   # Yb(Q)MSSM DRbar
Block ye Q= 4.021561621368691e+02  
  3  3     5.090954627673659e-02   # Ytau(Q)MSSM DRbar
Block hmix Q= 4.021561621368691e+02  # Higgs mixing parameters
     1     6.363852092485962e+02   # mu(Q)MSSM DRbar
     2     4.882086436656010e+00   # tan beta(Q)MSSM DRbar
     3     2.450519348593051e+02   # higgs vev(Q)MSSM DRbar
     4     4.877354469755531e+05   # mA^2(Q)MSSM DRbar
Block msoft Q= 4.021561621368691e+02 # MSSM DRbar SUSY breaking parameters
     1     1.229733609997122e+02   # M_1(Q)
     2     2.319466141012342e+02   # M_2(Q)
     3     7.064364723400703e+02   # M_3(Q)
    21     5.629708736150825e+04   # mH1^2(Q)
    22    -3.930231118650020e+05   # mH2^2(Q)
    31     2.516691923639471e+02   # meL(Q)
    32     2.516622944525903e+02   # mmuL(Q)
    33     2.496291925672642e+02   # mtauL(Q)
    34     1.866506596634171e+02   # meR(Q)
    35     1.866319283311931e+02   # mmuR(Q)
    36     1.810493300092083e+02   # mtauR(Q)
    41     6.628546459113043e+02   # mqL1(Q)
    42     6.628511306938279e+02   # mqL2(Q)
    43     5.483921606623446e+02   # mqL3(Q)
    44     6.412988823672903e+02   # muR(Q)
    45     6.412932800751370e+02   # mcR(Q)
    46     3.606367165548500e+02   # mtR(Q)
    47     6.388487614141809e+02   # mdR(Q)
    48     6.388470145854366e+02   # msR(Q)
    49     6.358434164356189e+02   # mbR(Q)
Block au Q= 4.021561621368691e+02  
  1  1    -1.381258023277948e+03   # Au(Q)MSSM DRbar
  2  2    -1.381249365918163e+03   # Ac(Q)MSSM DRbar
  3  3    -8.590579436343129e+02   # At(Q)MSSM DRbar
Block ad Q= 4.021561621368691e+02  
  1  1    -1.912398245795941e+03   # Ad(Q)MSSM DRbar
  2  2    -1.912393791706327e+03   # As(Q)MSSM DRbar
  3  3    -1.737164184210145e+03   # Ab(Q)MSSM DRbar
Block ae Q= 4.021561621368691e+02  
  1  1    -1.185936812876450e+03   # Ae(Q)MSSM DRbar
  2  2    -1.185928386253865e+03   # Amu(Q)MSSM DRbar
  3  3    -1.183449602561270e+03   # Atau(Q)MSSM DRbar
