# SOFTSUSY3.1.6
# B.C. Allanach, Comput. Phys. Commun. 143 (2002) 305-331, hep-ph/0104145
Block SPINFO         # Program information
     1   SOFTSUSY    # spectrum calculator
     2   3.1.6         # version number
Block MODSEL  # Select model
     1    0   # nonUniversal
Block SMINPUTS   # Standard Model inputs
     1    1.279340000000000e+02   # alpha_em^(-1)(MZ) SM MSbar
     2    1.166370000000000e-05   # G_Fermi
     3    1.172000000000000e-01   # alpha_s(MZ)MSbar
     4    9.118760000000000e+01   # MZ(pole)
     5    4.250000000000000e+00   # mb(mb)
     6    1.743000000000000e+02   # Mtop(pole)
     7    1.777000000000000e+00   # Mtau(pole)
Block MINPAR  # SUSY breaking input parameters
     3    1.000000000000000e+01   # tanb
     4    1.000000000000000e+00   # sign(mu)
Block EXTPAR          # non-universal SUSY breaking parameters
     1    4.800000000000000e+02         # M_1(MX)
     2    3.000000000000000e+02         # M_2(MX)
     3    3.000000000000000e+02         # M_3(MX)
     11    0.000000000000000e+00         # At(MX)
     12    0.000000000000000e+00         # Ab(MX)
     13    0.000000000000000e+00         # Atau(MX)
     21    2.250000000000000e+04         # mHd^2(MX)
     22    2.250000000000000e+04         # mHu^2(MX)
     31    1.500000000000000e+02         # meL(MX)
     32    1.500000000000000e+02         # mmuL(MX)
     33    1.500000000000000e+02         # mtauL(MX)
     34    1.500000000000000e+02         # meR(MX)
     35    1.500000000000000e+02         # mmuR(MX)
     36    1.500000000000000e+02         # mtauR(MX)
     41    1.500000000000000e+02         # mqL1(MX)
     42    1.500000000000000e+02         # mqL2(MX)
     43    1.500000000000000e+02         # mqL3(MX)
     44    1.500000000000000e+02         # muR(MX)
     45    1.500000000000000e+02         # mcR(MX)
     46    1.500000000000000e+02         # mtR(MX)
     47    1.500000000000000e+02         # mdR(MX)
     48    1.500000000000000e+02         # msR(MX)
     49    1.500000000000000e+02         # mbR(MX)
# Low energy data in SOFTSUSY: MIXING=0 TOLERANCE=1.000000000000000e-03
# mgut=2.374544890118296e+16 GeV
Block MASS   # Mass spectrum
# PDG code     mass                     particle
        24     8.040996164420295e+01   # MW
        25     1.116764587397662e+02   # h0
        35     4.731648496288431e+02   # H0
        36     4.727715484137265e+02   # A0
        37     4.798761521264387e+02   # H+
   1000021     7.211584079263014e+02   # ~g
   1000022     1.899066635727918e+02   # ~neutralino(1)
   1000023     2.226987453071909e+02   # ~neutralino(2)
   1000024     2.207535237376700e+02   # ~chargino(1)
   1000025    -4.096979844666079e+02   # ~neutralino(3)
   1000035     4.284868790497607e+02   # ~neutralino(4)
   1000037     4.270950869833049e+02   # ~chargino(2)
   1000001     6.760473156959575e+02   # ~d_L
   1000002     6.715142232938854e+02   # ~u_L
   1000003     6.760455542176664e+02   # ~s_L
   1000004     6.715124477770114e+02   # ~c_L
   1000005     6.127459880101273e+02   # ~b_1
   1000006     4.980469135298060e+02   # ~t_1
   1000011     2.659221147320400e+02   # ~e_L
   1000012     2.537260162861211e+02   # ~nue_L
   1000013     2.659289512488718e+02   # ~mu_L
   1000014     2.537227878661170e+02   # ~numu_L
   1000015     2.290709682685253e+02   # ~stau_1
   1000016     2.526927333460731e+02   # ~nu_tau_L
   2000001     6.510318806794889e+02   # ~d_R
   2000002     6.568333073269587e+02   # ~u_R
   2000003     6.510300450216045e+02   # ~s_R
   2000004     6.568314484857756e+02   # ~c_R
   2000005     6.498562998932956e+02   # ~b_2
   2000006     6.753915146687041e+02   # ~t_2
   2000011     2.379861754553177e+02   # ~e_R
   2000013     2.379792108935885e+02   # ~mu_R
   2000015     2.707605952363274e+02   # ~stau_2
# Higgs mixing
Block alpha   # Effective Higgs mixing parameter
          -1.109493291675569e-01   # alpha
Block nmix  # neutralino mixing matrix
  1  1     9.500072733270146e-01   # N_{1,1}
  1  2    -2.169399725540919e-01   # N_{1,2}
  1  3     1.969977128418103e-01   # N_{1,3}
  1  4    -1.077735128363934e-01   # N_{1,4}
  2  1     2.739453816574168e-01   # N_{2,1}
  2  2     9.240624438737849e-01   # N_{2,2}
  2  3    -2.271313110475532e-01   # N_{2,3}
  2  4     1.395488990726915e-01   # N_{2,4}
  3  1    -4.638581706695597e-02   # N_{3,1}
  3  2     7.813381691403855e-02   # N_{3,2}
  3  3     6.982157183623144e-01   # N_{3,3}
  3  4     7.100973688595612e-01   # N_{3,4}
  4  1    -1.424375809587268e-01   # N_{4,1}
  4  2     3.048618618074123e-01   # N_{4,2}
  4  3     6.496907566748295e-01   # N_{4,3}
  4  4    -6.816690556547450e-01   # N_{4,4}
Block Umix  # chargino U mixing matrix 
  1  1     9.255793889810940e-01   # U_{1,1}
  1  2    -3.785535559116895e-01   # U_{1,2}
  2  1     3.785535559116895e-01   # U_{2,1}
  2  2     9.255793889810940e-01   # U_{2,2}
Block Vmix  # chargino V mixing matrix 
  1  1     9.721121994211558e-01   # V_{1,1}
  1  2    -2.345162504743818e-01   # V_{1,2}
  2  1     2.345162504743818e-01   # V_{2,1}
  2  2     9.721121994211558e-01   # V_{2,2}
Block stopmix  # stop mixing matrix
  1  1     5.311101958589516e-01   # F_{11}
  1  2     8.473027557223369e-01   # F_{12}
  2  1     8.473027557223369e-01   # F_{21}
  2  2    -5.311101958589516e-01   # F_{22}
Block sbotmix  # sbottom mixing matrix
  1  1     9.662201781167541e-01   # F_{11}
  1  2     2.577179997594814e-01   # F_{12}
  2  1    -2.577179997594814e-01   # F_{21}
  2  2     9.662201781167541e-01   # F_{22}
Block staumix  # stau mixing matrix
  1  1     3.864067561847244e-01   # F_{11}
  1  2     9.223284766149200e-01   # F_{12}
  2  1     9.223284766149200e-01   # F_{21}
  2  2    -3.864067561847244e-01   # F_{22}
Block gauge Q= 5.602889116987818e+02  
     1     3.612926304867721e-01   # g'(Q)MSSM DRbar
     2     6.455084687573170e-01   # g(Q)MSSM DRbar
     3     1.085951649819126e+00   # g3(Q)MSSM DRbar
Block yu Q= 5.602889116987818e+02  
  3  3     8.835289768611948e-01   # Yt(Q)MSSM DRbar
Block yd Q= 5.602889116987818e+02  
  3  3     1.386591699601819e-01   # Yb(Q)MSSM DRbar
Block ye Q= 5.602889116987818e+02  
  3  3     1.006935839897102e-01   # Ytau(Q)MSSM DRbar
Block hmix Q= 5.602889116987818e+02  # Higgs mixing parameters
     1     4.030613587627007e+02   # mu(Q)MSSM DRbar
     2     9.725108002439478e+00   # tan beta(Q)MSSM DRbar
     3     2.446350107546794e+02   # higgs vev(Q)MSSM DRbar
     4     2.325058244981166e+05   # mA^2(Q)MSSM DRbar
Block msoft Q= 5.602889116987818e+02 # MSSM DRbar SUSY breaking parameters
     1     1.982065516273145e+02   # M_1(Q)
     2     2.305301103782380e+02   # M_2(Q)
     3     6.932535769583711e+02   # M_3(Q)
    21     6.010019123898505e+04   # mH1^2(Q)
    22    -1.607178298303017e+05   # mH2^2(Q)
    31     2.598386407078808e+02   # meL(Q)
    32     2.598354721346795e+02   # mmuL(Q)
    33     2.588868062277526e+02   # mtauL(Q)
    34     2.323981227479522e+02   # meR(Q)
    35     2.323909833934933e+02   # mmuR(Q)
    36     2.302472020607886e+02   # mtauR(Q)
    41     6.503559353336972e+02   # mqL1(Q)
    42     6.503541274182430e+02   # mqL2(Q)
    43     5.940252396498933e+02   # mqL3(Q)
    44     6.349392266914901e+02   # muR(Q)
    45     6.349373333828891e+02   # mcR(Q)
    46     5.139978657883689e+02   # mtR(Q)
    47     6.274747522324491e+02   # mdR(Q)
    48     6.274728782107758e+02   # msR(Q)
    49     6.240242461283684e+02   # mbR(Q)
Block au Q= 5.602889116987818e+02  
  1  1    -7.297951216694722e+02   # Au(Q)MSSM DRbar
  2  2    -7.297917506863620e+02   # Ac(Q)MSSM DRbar
  3  3    -5.545974131767719e+02   # At(Q)MSSM DRbar
Block ad Q= 5.602889116987818e+02  
  1  1    -8.966497698952603e+02   # Ad(Q)MSSM DRbar
  2  2    -8.966466395198925e+02   # As(Q)MSSM DRbar
  3  3    -8.351561080195980e+02   # Ab(Q)MSSM DRbar
Block ae Q= 5.602889116987818e+02  
  1  1    -2.107795949946530e+02   # Ae(Q)MSSM DRbar
  2  2    -2.107756460376239e+02   # Amu(Q)MSSM DRbar
  3  3    -2.095942430328928e+02   # Atau(Q)MSSM DRbar
