# SOFTSUSY3.1.6
# B.C. Allanach, Comput. Phys. Commun. 143 (2002) 305-331, hep-ph/0104145
Block SPINFO         # Program information
     1   SOFTSUSY    # spectrum calculator
     2   3.1.6         # version number
Block MODSEL  # Select model
     1    2   # gmsb
Block SMINPUTS   # Standard Model inputs
     1    1.279340000000000e+02   # alpha_em^(-1)(MZ) SM MSbar
     2    1.166370000000000e-05   # G_Fermi
     3    1.172000000000000e-01   # alpha_s(MZ)MSbar
     4    9.118760000000000e+01   # MZ(pole)
     5    4.250000000000000e+00   # mb(mb)
     6    1.743000000000000e+02   # Mtop(pole)
     7    1.777000000000000e+00   # Mtau(pole)
Block MINPAR  # SUSY breaking input parameters
     3    1.500000000000000e+01   # tanb
     4    1.000000000000000e+00   # sign(mu)
     1    4.000000000000000e+04   # lambda
     2    8.000000000000000e+04   # M_mess
     5    3.000000000000000e+00   # N5
     6    1.000000000000000e+00   # cgrav
# Low energy data in SOFTSUSY: MIXING=0 TOLERANCE=1.000000000000000e-03
# mgut=8.000000000000000e+04 GeV
Block MASS   # Mass spectrum
# PDG code     mass                     particle
        24     8.041211111976465e+01   # MW
        25     1.116103056635937e+02   # h0
        35     3.887275784020570e+02   # H0
        36     3.884263003579293e+02   # A0
        37     3.975638413775729e+02   # H+
   1000021     9.462770550193106e+02   # ~g
   1000022     1.630765724204592e+02   # ~neutralino(1)
   1000023     2.705548929340819e+02   # ~neutralino(2)
   1000024     2.678889950971558e+02   # ~chargino(1)
   1000025    -3.188238558523226e+02   # ~neutralino(3)
   1000035     3.878472819396532e+02   # ~neutralino(4)
   1000037     3.860980494056514e+02   # ~chargino(2)
   1000039     7.584000000000001e-10   # ~gravitino
   1000001     9.019945585378900e+02   # ~d_L
   1000002     8.986194574530325e+02   # ~u_L
   1000003     9.019934226339789e+02   # ~s_L
   1000004     8.986183163483969e+02   # ~c_L
   1000005     8.580664275832833e+02   # ~b_1
   1000006     8.044767886701356e+02   # ~t_1
   1000011     2.626644357915911e+02   # ~e_L
   1000012     2.500851816631651e+02   # ~nue_L
   1000013     2.627037540809554e+02   # ~mu_L
   1000014     2.500840870230782e+02   # ~numu_L
   1000015     1.240378277572750e+02   # ~stau_1
   1000016     2.495841719960402e+02   # ~nu_tau_L
   2000001     8.667038163898243e+02   # ~d_R
   2000002     8.680861160026747e+02   # ~u_R
   2000003     8.667022288688080e+02   # ~s_R
   2000004     8.680853085922555e+02   # ~c_R
   2000005     8.731978502635849e+02   # ~b_2
   2000006     8.898528295421950e+02   # ~t_2
   2000011     1.308987195359774e+02   # ~e_R
   2000013     1.308944674524393e+02   # ~mu_R
   2000015     2.646421468710932e+02   # ~stau_2
# Higgs mixing
Block alpha   # Effective Higgs mixing parameter
          -7.884828850767175e-02   # alpha
Block nmix  # neutralino mixing matrix
  1  1     9.664055465454179e-01   # N_{1,1}
  1  2    -6.346387516481691e-02   # N_{1,2}
  1  3     2.163238866763076e-01   # N_{1,3}
  1  4    -1.234367538805722e-01   # N_{1,4}
  2  1    -2.264686793038108e-01   # N_{2,1}
  2  2    -6.458689982343239e-01   # N_{2,2}
  2  3     5.475445745245828e-01   # N_{2,3}
  2  4    -4.814146999447279e-01   # N_{2,4}
  3  1    -5.963073454405504e-02   # N_{3,1}
  3  2     8.079218228567214e-02   # N_{3,2}
  3  3     6.958671483293896e-01   # N_{3,3}
  3  4     7.111158208443815e-01   # N_{3,4}
  4  1    -1.059076597719755e-01   # N_{4,1}
  4  2     7.565039305584433e-01   # N_{4,2}
  4  3     4.113001663479762e-01   # N_{4,3}
  4  4    -4.973103093777329e-01   # N_{4,4}
Block Umix  # chargino U mixing matrix 
  1  1    -5.815108324294415e-01   # U_{1,1}
  1  2     8.135386602781813e-01   # U_{1,2}
  2  1    -8.135386602781813e-01   # U_{2,1}
  2  2    -5.815108324294415e-01   # U_{2,2}
Block Vmix  # chargino V mixing matrix 
  1  1    -7.003688079996973e-01   # V_{1,1}
  1  2     7.137811518813615e-01   # V_{1,2}
  2  1    -7.137811518813615e-01   # V_{2,1}
  2  2    -7.003688079996973e-01   # V_{2,2}
Block stopmix  # stop mixing matrix
  1  1     3.618037629691352e-01   # F_{11}
  1  2     9.322542770625264e-01   # F_{12}
  2  1     9.322542770625264e-01   # F_{21}
  2  2    -3.618037629691352e-01   # F_{22}
Block sbotmix  # sbottom mixing matrix
  1  1     5.786263226885664e-01   # F_{11}
  1  2     8.155927774888072e-01   # F_{12}
  2  1     8.155927774888072e-01   # F_{21}
  2  2    -5.786263226885664e-01   # F_{22}
Block staumix  # stau mixing matrix
  1  1     1.539533940390659e-01   # F_{11}
  1  2     9.880781105073890e-01   # F_{12}
  2  1     9.880781105073890e-01   # F_{21}
  2  2    -1.539533940390659e-01   # F_{22}
Block gauge Q= 8.201704953158273e+02  
     1     3.626475814250089e-01   # g'(Q)MSSM DRbar
     2     6.450534825314056e-01   # g(Q)MSSM DRbar
     3     1.067892199134108e+00   # g3(Q)MSSM DRbar
Block yu Q= 8.201704953158273e+02  
  3  3     8.743525564299627e-01   # Yt(Q)MSSM DRbar
Block yd Q= 8.201704953158273e+02  
  3  3     2.060779455545940e-01   # Yb(Q)MSSM DRbar
Block ye Q= 8.201704953158273e+02  
  3  3     1.520537437465722e-01   # Ytau(Q)MSSM DRbar
Block hmix Q= 8.201704953158273e+02  # Higgs mixing parameters
     1     3.098237660331157e+02   # mu(Q)MSSM DRbar
     2     1.452958133067766e+01   # tan beta(Q)MSSM DRbar
     3     2.438747919196952e+02   # higgs vev(Q)MSSM DRbar
     4     1.722959851542342e+05   # mA^2(Q)MSSM DRbar
Block msoft Q= 8.201704953158273e+02 # MSSM DRbar SUSY breaking parameters
     1     1.730337739181797e+02   # M_1(Q)
     2     3.272601874453968e+02   # M_2(Q)
     3     9.014072120167380e+02   # M_3(Q)
    21     5.574808652235732e+04   # mH1^2(Q)
    22    -8.618812720197247e+04   # mH2^2(Q)
    31     2.538061412733714e+02   # meL(Q)
    32     2.538050642844918e+02   # mmuL(Q)
    33     2.534744840704728e+02   # mtauL(Q)
    34     1.187204411304017e+02   # meR(Q)
    35     1.187157626414859e+02   # mmuR(Q)
    36     1.172713857643144e+02   # mtauR(Q)
    41     8.667976796179569e+02   # mqL1(Q)
    42     8.667965086939995e+02   # mqL2(Q)
    43     8.386750459284216e+02   # mqL3(Q)
    44     8.360717303161921e+02   # muR(Q)
    45     8.360709033977857e+02   # mcR(Q)
    46     7.789307842364278e+02   # mtR(Q)
    47     8.333209631320404e+02   # mdR(Q)
    48     8.333193340992983e+02   # msR(Q)
    49     8.301433560282449e+02   # mbR(Q)
Block au Q= 8.201704953158273e+02  
  1  1    -2.735563758186069e+02   # Au(Q)MSSM DRbar
  2  2    -2.735559876286167e+02   # Ac(Q)MSSM DRbar
  3  3    -2.575500890137468e+02   # At(Q)MSSM DRbar
Block ad Q= 8.201704953158273e+02  
  1  1    -2.914690837111340e+02   # Ad(Q)MSSM DRbar
  2  2    -2.914685409800998e+02   # As(Q)MSSM DRbar
  3  3    -2.854443792440175e+02   # Ab(Q)MSSM DRbar
Block ae Q= 8.201704953158273e+02  
  1  1    -2.731351486719501e+01   # Ae(Q)MSSM DRbar
  2  2    -2.731331557514523e+01   # Amu(Q)MSSM DRbar
  3  3    -2.725216749455921e+01   # Atau(Q)MSSM DRbar
