# SOFTSUSY3.1.6
# B.C. Allanach, Comput. Phys. Commun. 143 (2002) 305-331, hep-ph/0104145
Block SPINFO         # Program information
     1   SOFTSUSY    # spectrum calculator
     2   3.1.6         # version number
Block MODSEL  # Select model
     1    2   # gmsb
Block SMINPUTS   # Standard Model inputs
     1    1.279340000000000e+02   # alpha_em^(-1)(MZ) SM MSbar
     2    1.166370000000000e-05   # G_Fermi
     3    1.172000000000000e-01   # alpha_s(MZ)MSbar
     4    9.118760000000000e+01   # MZ(pole)
     5    4.250000000000000e+00   # mb(mb)
     6    1.743000000000000e+02   # Mtop(pole)
     7    1.777000000000000e+00   # Mtau(pole)
Block MINPAR  # SUSY breaking input parameters
     3    1.500000000000000e+01   # tanb
     4    1.000000000000000e+00   # sign(mu)
     1    1.000000000000000e+05   # lambda
     2    2.000000000000000e+05   # M_mess
     5    1.000000000000000e+00   # N5
     6    1.000000000000000e+00   # cgrav
# Low energy data in SOFTSUSY: MIXING=0 TOLERANCE=1.000000000000000e-03
# mgut=2.000000000000000e+05 GeV
Block MASS   # Mass spectrum
# PDG code     mass                     particle
        24     8.040791061642722e+01   # MW
        25     1.135061195912049e+02   # h0
        35     5.357875912567537e+02   # H0
        36     5.355042436221435e+02   # A0
        37     5.419149154605220e+02   # H+
   1000021     8.345773720784831e+02   # ~g
   1000022     1.392364277604591e+02   # ~neutralino(1)
   1000023     2.646183876876214e+02   # ~neutralino(2)
   1000024     2.647183788041565e+02   # ~chargino(1)
   1000025    -4.305615256342686e+02   # ~neutralino(3)
   1000035     4.501796222522163e+02   # ~neutralino(4)
   1000037     4.495602186435270e+02   # ~chargino(2)
   1000039     4.740000000000001e-09   # ~gravitino
   1000001     1.120230835737781e+03   # ~d_L
   1000002     1.117575685165134e+03   # ~u_L
   1000003     1.120229102161194e+03   # ~s_L
   1000004     1.117573947348995e+03   # ~c_L
   1000005     1.056743151626570e+03   # ~b_1
   1000006     9.756223687572040e+02   # ~t_1
   1000011     3.582291537844174e+02   # ~e_L
   1000012     3.490482708164713e+02   # ~nue_L
   1000013     3.582456295193875e+02   # ~mu_L
   1000014     3.490464727448650e+02   # ~numu_L
   1000015     1.738053388479733e+02   # ~stau_1
   1000016     3.482844492200058e+02   # ~nu_tau_L
   2000001     1.066311874088077e+03   # ~d_R
   2000002     1.069751284423458e+03   # ~u_R
   2000003     1.066309458739047e+03   # ~s_R
   2000004     1.069750046236870e+03   # ~c_R
   2000005     1.074571266788708e+03   # ~b_2
   2000006     1.084454348700757e+03   # ~t_2
   2000011     1.801719452974029e+02   # ~e_R
   2000013     1.801649081426933e+02   # ~mu_R
   2000015     3.592956207343852e+02   # ~stau_2
# Higgs mixing
Block alpha   # Effective Higgs mixing parameter
          -7.417469917617721e-02   # alpha
Block nmix  # neutralino mixing matrix
  1  1     9.906127075887919e-01   # N_{1,1}
  1  2    -3.110860898387284e-02   # N_{1,2}
  1  3     1.240789967834451e-01   # N_{1,3}
  1  4    -4.819876106192631e-02   # N_{1,4}
  2  1     7.366049580835099e-02   # N_{2,1}
  2  2     9.389023867993372e-01   # N_{2,2}
  2  3    -2.809529105573948e-01   # N_{2,3}
  2  4     1.846670015706758e-01   # N_{2,4}
  3  1    -5.075747264170819e-02   # N_{3,1}
  3  2     7.371544895522839e-02   # N_{3,2}
  3  3     6.992327335426667e-01   # N_{3,3}
  3  4     7.092695509457638e-01   # N_{3,4}
  4  1    -1.033647613642894e-01   # N_{4,1}
  4  2     3.347545296107661e-01   # N_{4,2}
  4  3     6.455566969283119e-01   # N_{4,3}
  4  4    -6.786101104936367e-01   # N_{4,4}
Block Umix  # chargino U mixing matrix 
  1  1     9.165817580923821e-01   # U_{1,1}
  1  2    -3.998473217770477e-01   # U_{1,2}
  2  1     3.998473217770477e-01   # U_{2,1}
  2  2     9.165817580923821e-01   # U_{2,2}
Block Vmix  # chargino V mixing matrix 
  1  1     9.639158351710084e-01   # V_{1,1}
  1  2    -2.662071800432461e-01   # V_{1,2}
  2  1     2.662071800432461e-01   # V_{2,1}
  2  2     9.639158351710084e-01   # V_{2,2}
Block stopmix  # stop mixing matrix
  1  1     2.405668821652269e-01   # F_{11}
  1  2     9.706325644677815e-01   # F_{12}
  2  1     9.706325644677815e-01   # F_{21}
  2  2    -2.405668821652269e-01   # F_{22}
Block sbotmix  # sbottom mixing matrix
  1  1     4.865082170207711e-01   # F_{11}
  1  2     8.736760010274234e-01   # F_{12}
  2  1     8.736760010274234e-01   # F_{21}
  2  2    -4.865082170207711e-01   # F_{22}
Block staumix  # stau mixing matrix
  1  1     1.137153007788621e-01   # F_{11}
  1  2     9.935133770457109e-01   # F_{12}
  2  1     9.935133770457109e-01   # F_{21}
  2  2    -1.137153007788621e-01   # F_{22}
Block gauge Q= 1.012597902045366e+03  
     1     3.630612518281238e-01   # g'(Q)MSSM DRbar
     2     6.447154663120807e-01   # g(Q)MSSM DRbar
     3     1.063390803840178e+00   # g3(Q)MSSM DRbar
Block yu Q= 1.012597902045366e+03  
  3  3     8.701987104825721e-01   # Yt(Q)MSSM DRbar
Block yd Q= 1.012597902045366e+03  
  3  3     2.033485012880212e-01   # Yb(Q)MSSM DRbar
Block ye Q= 1.012597902045366e+03  
  3  3     1.510679033229126e-01   # Ytau(Q)MSSM DRbar
Block hmix Q= 1.012597902045366e+03  # Higgs mixing parameters
     1     4.219792676392945e+02   # mu(Q)MSSM DRbar
     2     1.448768790004874e+01   # tan beta(Q)MSSM DRbar
     3     2.434876708861527e+02   # higgs vev(Q)MSSM DRbar
     4     3.121781373708166e+05   # mA^2(Q)MSSM DRbar
Block msoft Q= 1.012597902045366e+03 # MSSM DRbar SUSY breaking parameters
     1     1.444089640139757e+02   # M_1(Q)
     2     2.720905641867361e+02   # M_2(Q)
     3     7.443566097286498e+02   # M_3(Q)
    21     1.085285319677954e+05   # mH1^2(Q)
    22    -1.586056919834116e+05   # mH2^2(Q)
    31     3.529898671386380e+02   # meL(Q)
    32     3.529880836577655e+02   # mmuL(Q)
    33     3.524449376751376e+02   # mtauL(Q)
    34     1.703131003399961e+02   # meR(Q)
    35     1.703056474493907e+02   # mmuR(Q)
    36     1.680216584980476e+02   # mtauR(Q)
    41     1.094111867520348e+03   # mqL1(Q)
    42     1.094110093140991e+03   # mqL2(Q)
    43     1.050832372168320e+03   # mqL3(Q)
    44     1.046126573318845e+03   # muR(Q)
    45     1.046125302995067e+03   # mcR(Q)
    46     9.569866037886990e+02   # mtR(Q)
    47     1.041372071713326e+03   # mdR(Q)
    48     1.041369588775472e+03   # msR(Q)
    49     1.036553583242292e+03   # mbR(Q)
Block au Q= 1.012597902045366e+03  
  1  1    -2.520050966632328e+02   # Au(Q)MSSM DRbar
  2  2    -2.520046981323121e+02   # Ac(Q)MSSM DRbar
  3  3    -2.354514316728247e+02   # At(Q)MSSM DRbar
Block ad Q= 1.012597902045366e+03  
  1  1    -2.701553663000680e+02   # Ad(Q)MSSM DRbar
  2  2    -2.701548109085854e+02   # As(Q)MSSM DRbar
  3  3    -2.639328137139557e+02   # Ab(Q)MSSM DRbar
Block ae Q= 1.012597902045366e+03  
  1  1    -2.634875152999643e+01   # Ae(Q)MSSM DRbar
  2  2    -2.634853440613482e+01   # Amu(Q)MSSM DRbar
  3  3    -2.628244659593000e+01   # Atau(Q)MSSM DRbar
