# SOFTSUSY3.1.6
# B.C. Allanach, Comput. Phys. Commun. 143 (2002) 305-331, hep-ph/0104145
Block SPINFO         # Program information
     1   SOFTSUSY    # spectrum calculator
     2   3.1.6         # version number
Block MODSEL  # Select model
     1    3   # amsb
Block SMINPUTS   # Standard Model inputs
     1    1.279340000000000e+02   # alpha_em^(-1)(MZ) SM MSbar
     2    1.166370000000000e-05   # G_Fermi
     3    1.172000000000000e-01   # alpha_s(MZ)MSbar
     4    9.118760000000000e+01   # MZ(pole)
     5    4.250000000000000e+00   # mb(mb)
     6    1.743000000000000e+02   # Mtop(pole)
     7    1.777000000000000e+00   # Mtau(pole)
Block MINPAR  # SUSY breaking input parameters
     3    1.000000000000000e+01   # tanb
     4    1.000000000000000e+00   # sign(mu)
     1    4.500000000000000e+02   # m0
     2    6.000000000000000e+04   # m3/2
# Low energy data in SOFTSUSY: MIXING=0 TOLERANCE=1.000000000000000e-03
# mgut=2.318465324260963e+16 GeV
Block MASS   # Mass spectrum
# PDG code     mass                     particle
        24     8.039565748167432e+01   # MW
        25     1.158343307534133e+02   # h0
        35     1.062755910238442e+03   # H0
        36     1.062616011651962e+03   # A0
        37     1.065887894073891e+03   # H+
   1000021    -1.281499349444478e+03   # ~g
   1000022     1.973692066206210e+02   # ~neutralino(1)
   1000023     5.490213173299445e+02   # ~neutralino(2)
   1000024     1.975367844923676e+02   # ~chargino(1)
   1000025    -1.018878638586372e+03   # ~neutralino(3)
   1000035     1.024765654120413e+03   # ~neutralino(4)
   1000037     1.023589569486891e+03   # ~chargino(2)
   1000001     1.276004859967344e+03   # ~d_L
   1000002     1.273703692392542e+03   # ~u_L
   1000003     1.275997116092023e+03   # ~s_L
   1000004     1.273695933531405e+03   # ~c_L
   1000005     1.108796393493731e+03   # ~b_1
   1000006     9.286866014162035e+02   # ~t_1
   1000011     3.873520558651136e+02   # ~e_L
   1000012     3.789938345286641e+02   # ~nue_L
   1000013     3.873424746987085e+02   # ~mu_L
   1000014     3.789766409506582e+02   # ~numu_L
   1000015     3.484989000531955e+02   # ~stau_1
   1000016     3.736914718872948e+02   # ~nu_tau_L
   2000001     1.289566518223360e+03   # ~d_R
   2000002     1.279954544808766e+03   # ~u_R
   2000003     1.289558182365018e+03   # ~s_R
   2000004     1.279947448371954e+03   # ~c_R
   2000005     1.272250268241279e+03   # ~b_2
   2000006     1.142758136226647e+03   # ~t_2
   2000011     3.748422195096400e+02   # ~e_R
   2000013     3.748073203726327e+02   # ~mu_R
   2000015     3.963576214319278e+02   # ~stau_2
# Higgs mixing
Block alpha   # Effective Higgs mixing parameter
          -1.056926480302952e-01   # alpha
Block nmix  # neutralino mixing matrix
  1  1    -3.783043854098053e-03   # N_{1,1}
  1  2     9.964399911833398e-01   # N_{1,2}
  1  3    -8.101681947434057e-02   # N_{1,3}
  1  4     2.300668407236384e-02   # N_{1,4}
  2  1     9.971637863122518e-01   # N_{2,1}
  2  2     9.861216243329949e-03   # N_{2,2}
  2  3     6.368100397338061e-02   # N_{2,3}
  2  4    -3.888276500660185e-02   # N_{2,4}
  3  1    -1.787190265628879e-02   # N_{3,1}
  3  2     4.095499031247735e-02   # N_{3,2}
  3  3     7.054236043331237e-01   # N_{3,3}
  3  4     7.073760119721431e-01   # N_{3,4}
  4  1    -7.301141651862506e-02   # N_{4,1}
  4  2     7.302594849266021e-02   # N_{4,2}
  4  3     7.012549772692304e-01   # N_{4,3}
  4  4    -7.053920900887832e-01   # N_{4,4}
Block Umix  # chargino U mixing matrix 
  1  1     9.936915517076942e-01   # U_{1,1}
  1  2    -1.121476707950501e-01   # U_{1,2}
  2  1     1.121476707950501e-01   # U_{2,1}
  2  2     9.936915517076942e-01   # U_{2,2}
Block Vmix  # chargino V mixing matrix 
  1  1     9.994713941451664e-01   # V_{1,1}
  1  2    -3.251049500572893e-02   # V_{1,2}
  2  1     3.251049500572893e-02   # V_{2,1}
  2  2     9.994713941451664e-01   # V_{2,2}
Block stopmix  # stop mixing matrix
  1  1    -3.584004426597676e-01   # F_{11}
  1  2     9.335679529103827e-01   # F_{12}
  2  1     9.335679529103827e-01   # F_{21}
  2  2     3.584004426597676e-01   # F_{22}
Block sbotmix  # sbottom mixing matrix
  1  1     9.987880950144471e-01   # F_{11}
  1  2     4.921728616463839e-02   # F_{12}
  2  1    -4.921728616463839e-02   # F_{21}
  2  2     9.987880950144471e-01   # F_{22}
Block staumix  # stau mixing matrix
  1  1     5.572729264433186e-01   # F_{11}
  1  2     8.303293837106450e-01   # F_{12}
  2  1     8.303293837106450e-01   # F_{21}
  2  2    -5.572729264433186e-01   # F_{22}
Block gauge Q= 9.929461447036057e+02  
     1     3.625111128381828e-01   # g'(Q)MSSM DRbar
     2     6.441240152103153e-01   # g(Q)MSSM DRbar
     3     1.053927538359761e+00   # g3(Q)MSSM DRbar
Block yu Q= 9.929461447036057e+02  
  3  3     8.636852201954104e-01   # Yt(Q)MSSM DRbar
Block yd Q= 9.929461447036057e+02  
  3  3     1.475447796501308e-01   # Yb(Q)MSSM DRbar
Block ye Q= 9.929461447036057e+02  
  3  3     9.923187256887174e-02   # Ytau(Q)MSSM DRbar
Block hmix Q= 9.929461447036057e+02  # Higgs mixing parameters
     1     1.018330481206043e+03   # mu(Q)MSSM DRbar
     2     9.655104923910546e+00   # tan beta(Q)MSSM DRbar
     3     2.441654491933302e+02   # higgs vev(Q)MSSM DRbar
     4     1.129780687085196e+06   # mA^2(Q)MSSM DRbar
Block msoft Q= 9.929461447036057e+02 # MSSM DRbar SUSY breaking parameters
     1     5.595527762451187e+02   # M_1(Q)
     2     1.903836802909525e+02   # M_2(Q)
     3    -1.221497636127125e+03   # M_3(Q)
    21     7.378555630298388e+04   # mH1^2(Q)
    22    -1.013223875049929e+06   # mH2^2(Q)
    31     3.831463994063777e+02   # meL(Q)
    32     3.831293866428435e+02   # mmuL(Q)
    33     3.781235295342748e+02   # mtauL(Q)
    34     3.671861894396143e+02   # meR(Q)
    35     3.671506696529861e+02   # mmuR(Q)
    36     3.566160569986853e+02   # mtauR(Q)
    41     1.237728745842900e+03   # mqL1(Q)
    42     1.237720790038906e+03   # mqL2(Q)
    43     1.073423662902720e+03   # mqL3(Q)
    44     1.244977727327614e+03   # muR(Q)
    45     1.244970439005921e+03   # mcR(Q)
    46     9.091298530883371e+02   # mtR(Q)
    47     1.254147624002616e+03   # mdR(Q)
    48     1.254139061781625e+03   # msR(Q)
    49     1.236439626469594e+03   # mbR(Q)
Block au Q= 9.929461447036057e+02  
  1  1     1.916190046458934e+03   # Au(Q)MSSM DRbar
  2  2     1.916173772350913e+03   # Ac(Q)MSSM DRbar
  3  3     1.070494074598668e+03   # At(Q)MSSM DRbar
Block ad Q= 9.929461447036057e+02  
  1  1     2.725445141409762e+03   # Ad(Q)MSSM DRbar
  2  2     2.725430098405417e+03   # As(Q)MSSM DRbar
  3  3     2.423538138977437e+03   # Ab(Q)MSSM DRbar
Block ae Q= 9.929461447036057e+02  
  1  1     5.882544854733137e+02   # Ae(Q)MSSM DRbar
  2  2     5.882165678510783e+02   # Amu(Q)MSSM DRbar
  3  3     5.770094673675139e+02   # Atau(Q)MSSM DRbar
